<?xml version="1.0" encoding="UTF-8"?>
<testsuite name="com.springboot.web.IndexControllerTest" tests="1" skipped="0" failures="0" errors="0" timestamp="2022-05-18T04:59:14" hostname="gimtaemin-ui-MacBookAir.local" time="0.305">
  <properties/>
  <testcase name="메인페이지_로딩()" classname="com.springboot.web.IndexControllerTest" time="0.305"/>
  <system-out><![CDATA[2022-05-18 13:59:09.728  INFO 9645 --- [    Test worker] .b.t.c.SpringBootTestContextBootstrapper : Neither @ContextConfiguration nor @ContextHierarchy found for test class [com.springboot.web.IndexControllerTest], using SpringBootContextLoader
2022-05-18 13:59:09.733  INFO 9645 --- [    Test worker] o.s.t.c.support.AbstractContextLoader    : Could not detect default resource locations for test class [com.springboot.web.IndexControllerTest]: no resource found for suffixes {-context.xml, Context.groovy}.
2022-05-18 13:59:09.733  INFO 9645 --- [    Test worker] t.c.s.AnnotationConfigContextLoaderUtils : Could not detect default configuration classes for test class [com.springboot.web.IndexControllerTest]: IndexControllerTest does not declare any static, non-private, non-final, nested classes annotated with @Configuration.
2022-05-18 13:59:09.743  INFO 9645 --- [    Test worker] .b.t.c.SpringBootTestContextBootstrapper : Found @SpringBootConfiguration com.springboot.Application for test class com.springboot.web.IndexControllerTest
2022-05-18 13:59:09.755  INFO 9645 --- [    Test worker] .b.t.c.SpringBootTestContextBootstrapper : Loaded default TestExecutionListener class names from location [META-INF/spring.factories]: [org.springframework.security.test.context.support.WithSecurityContextTestExecutionListener, org.springframework.security.test.context.support.ReactorContextTestExecutionListener, org.springframework.boot.test.autoconfigure.restdocs.RestDocsTestExecutionListener, org.springframework.boot.test.autoconfigure.web.client.MockRestServiceServerResetTestExecutionListener, org.springframework.boot.test.autoconfigure.web.servlet.MockMvcPrintOnlyOnFailureTestExecutionListener, org.springframework.boot.test.autoconfigure.web.servlet.WebDriverTestExecutionListener, org.springframework.boot.test.autoconfigure.webservices.client.MockWebServiceServerTestExecutionListener, org.springframework.boot.test.mock.mockito.MockitoTestExecutionListener, org.springframework.boot.test.mock.mockito.ResetMocksTestExecutionListener, org.springframework.test.context.web.ServletTestExecutionListener, org.springframework.test.context.support.DirtiesContextBeforeModesTestExecutionListener, org.springframework.test.context.support.DependencyInjectionTestExecutionListener, org.springframework.test.context.support.DirtiesContextTestExecutionListener, org.springframework.test.context.transaction.TransactionalTestExecutionListener, org.springframework.test.context.jdbc.SqlScriptsTestExecutionListener, org.springframework.test.context.event.EventPublishingTestExecutionListener]
2022-05-18 13:59:09.756  INFO 9645 --- [    Test worker] .b.t.c.SpringBootTestContextBootstrapper : Using TestExecutionListeners: [org.springframework.test.context.web.ServletTestExecutionListener@629cbb1, org.springframework.test.context.support.DirtiesContextBeforeModesTestExecutionListener@165aa43a, org.springframework.boot.test.mock.mockito.MockitoTestExecutionListener@22cd8ec2, org.springframework.boot.test.autoconfigure.SpringBootDependencyInjectionTestExecutionListener@7d977a20, org.springframework.test.context.support.DirtiesContextTestExecutionListener@35ab4260, org.springframework.test.context.transaction.TransactionalTestExecutionListener@76134b9b, org.springframework.test.context.jdbc.SqlScriptsTestExecutionListener@38667005, org.springframework.security.test.context.support.WithSecurityContextTestExecutionListener@7ee64b53, org.springframework.test.context.event.EventPublishingTestExecutionListener@1131aead, org.springframework.security.test.context.support.ReactorContextTestExecutionListener@7d126083, org.springframework.boot.test.autoconfigure.restdocs.RestDocsTestExecutionListener@76ffc17c, org.springframework.boot.test.autoconfigure.web.client.MockRestServiceServerResetTestExecutionListener@3a8fb023, org.springframework.boot.test.autoconfigure.web.servlet.MockMvcPrintOnlyOnFailureTestExecutionListener@26d73519, org.springframework.boot.test.autoconfigure.web.servlet.WebDriverTestExecutionListener@48af5f38, org.springframework.boot.test.autoconfigure.webservices.client.MockWebServiceServerTestExecutionListener@40538370, org.springframework.boot.test.mock.mockito.ResetMocksTestExecutionListener@71a2df1]

  .   ____          _            __ _ _
 /\\ / ___'_ __ _ _(_)_ __  __ _ \ \ \ \
( ( )\___ | '_ | '_| | '_ \/ _` | \ \ \ \
 \\/  ___)| |_)| | | | | || (_| |  ) ) ) )
  '  |____| .__|_| |_|_| |_\__, | / / / /
 =========|_|==============|___/=/_/_/_/
 :: Spring Boot ::                (v2.4.1)

2022-05-18 13:59:09.863  INFO 9645 --- [    Test worker] com.springboot.web.IndexControllerTest   : Starting IndexControllerTest using Java 11.0.10 on gimtaemin-ui-MacBookAir.local with PID 9645 (started by gimtaemin in /Users/gimtaemin/springboot)
2022-05-18 13:59:09.867  INFO 9645 --- [    Test worker] com.springboot.web.IndexControllerTest   : No active profile set, falling back to default profiles: default
2022-05-18 13:59:10.449  INFO 9645 --- [    Test worker] .s.d.r.c.RepositoryConfigurationDelegate : Bootstrapping Spring Data JPA repositories in DEFAULT mode.
2022-05-18 13:59:10.510  INFO 9645 --- [    Test worker] .s.d.r.c.RepositoryConfigurationDelegate : Finished Spring Data repository scanning in 55 ms. Found 2 JPA repository interfaces.
2022-05-18 13:59:11.240  INFO 9645 --- [    Test worker] o.s.b.w.embedded.tomcat.TomcatWebServer  : Tomcat initialized with port(s): 0 (http)
2022-05-18 13:59:11.253  INFO 9645 --- [    Test worker] o.apache.catalina.core.StandardService   : Starting service [Tomcat]
2022-05-18 13:59:11.254  INFO 9645 --- [    Test worker] org.apache.catalina.core.StandardEngine  : Starting Servlet engine: [Apache Tomcat/9.0.41]
2022-05-18 13:59:11.401  INFO 9645 --- [    Test worker] o.a.c.c.C.[Tomcat].[localhost].[/]       : Initializing Spring embedded WebApplicationContext
2022-05-18 13:59:11.403  INFO 9645 --- [    Test worker] w.s.c.ServletWebServerApplicationContext : Root WebApplicationContext: initialization completed in 1530 ms
2022-05-18 13:59:11.623  INFO 9645 --- [    Test worker] com.zaxxer.hikari.HikariDataSource       : HikariPool-1 - Starting...
2022-05-18 13:59:11.800  INFO 9645 --- [    Test worker] com.zaxxer.hikari.HikariDataSource       : HikariPool-1 - Start completed.
2022-05-18 13:59:11.808  INFO 9645 --- [    Test worker] o.s.b.a.h2.H2ConsoleAutoConfiguration    : H2 console available at '/h2-console'. Database available at 'jdbc:h2:mem:testdb'
2022-05-18 13:59:12.147  INFO 9645 --- [    Test worker] o.hibernate.jpa.internal.util.LogHelper  : HHH000204: Processing PersistenceUnitInfo [name: default]
2022-05-18 13:59:12.256  INFO 9645 --- [    Test worker] org.hibernate.Version                    : HHH000412: Hibernate ORM core version 5.4.25.Final
2022-05-18 13:59:12.309  INFO 9645 --- [    Test worker] o.hibernate.annotations.common.Version   : HCANN000001: Hibernate Commons Annotations {5.1.2.Final}
2022-05-18 13:59:12.417  INFO 9645 --- [    Test worker] org.hibernate.dialect.Dialect            : HHH000400: Using dialect: org.hibernate.dialect.MySQL57Dialect
Hibernate: drop table if exists posts
Hibernate: drop table if exists user
Hibernate: create table posts (id bigint not null auto_increment, created_date datetime(6), modified_date datetime(6), author varchar(255), content TEXT not null, title varchar(500) not null, primary key (id)) engine=InnoDB
Hibernate: create table user (id bigint not null auto_increment, created_date datetime(6), modified_date datetime(6), email varchar(255) not null, name varchar(255) not null, picture varchar(255), role varchar(255) not null, primary key (id)) engine=InnoDB
2022-05-18 13:59:13.014  INFO 9645 --- [    Test worker] o.h.e.t.j.p.i.JtaPlatformInitiator       : HHH000490: Using JtaPlatform implementation: [org.hibernate.engine.transaction.jta.platform.internal.NoJtaPlatform]
2022-05-18 13:59:13.021  INFO 9645 --- [    Test worker] j.LocalContainerEntityManagerFactoryBean : Initialized JPA EntityManagerFactory for persistence unit 'default'
2022-05-18 13:59:13.695  WARN 9645 --- [    Test worker] JpaBaseConfiguration$JpaWebConfiguration : spring.jpa.open-in-view is enabled by default. Therefore, database queries may be performed during view rendering. Explicitly configure spring.jpa.open-in-view to disable this warning
2022-05-18 13:59:14.116  INFO 9645 --- [    Test worker] o.s.s.web.DefaultSecurityFilterChain     : Will secure any request with [org.springframework.security.web.context.request.async.WebAsyncManagerIntegrationFilter@218e28d9, org.springframework.security.web.context.SecurityContextPersistenceFilter@5e2abb58, org.springframework.security.web.header.HeaderWriterFilter@58a06477, org.springframework.security.web.authentication.logout.LogoutFilter@4bda93f1, org.springframework.security.oauth2.client.web.OAuth2AuthorizationRequestRedirectFilter@349504d5, org.springframework.security.oauth2.client.web.OAuth2LoginAuthenticationFilter@347770a9, org.springframework.security.web.authentication.ui.DefaultLoginPageGeneratingFilter@57f31caf, org.springframework.security.web.authentication.ui.DefaultLogoutPageGeneratingFilter@34438b38, org.springframework.security.web.savedrequest.RequestCacheAwareFilter@943d0c2, org.springframework.security.web.servletapi.SecurityContextHolderAwareRequestFilter@529b8e41, org.springframework.security.web.authentication.AnonymousAuthenticationFilter@28ec92c9, org.springframework.security.web.session.SessionManagementFilter@1c4335c8, org.springframework.security.web.access.ExceptionTranslationFilter@258e5601, org.springframework.security.web.access.intercept.FilterSecurityInterceptor@3de507af]
2022-05-18 13:59:14.271  INFO 9645 --- [    Test worker] o.s.s.concurrent.ThreadPoolTaskExecutor  : Initializing ExecutorService 'applicationTaskExecutor'
2022-05-18 13:59:14.323  INFO 9645 --- [    Test worker] o.s.b.a.w.s.WelcomePageHandlerMapping    : Adding welcome page template: index
2022-05-18 13:59:14.604  INFO 9645 --- [    Test worker] o.s.b.w.embedded.tomcat.TomcatWebServer  : Tomcat started on port(s): 49729 (http) with context path ''
2022-05-18 13:59:14.622  INFO 9645 --- [    Test worker] s.a.ScheduledAnnotationBeanPostProcessor : No TaskScheduler/ScheduledExecutorService bean found for scheduled processing
2022-05-18 13:59:14.627  INFO 9645 --- [    Test worker] com.springboot.web.IndexControllerTest   : Started IndexControllerTest in 4.868 seconds (JVM running for 10.876)
2022-05-18 13:59:14.742  INFO 9645 --- [o-auto-1-exec-1] o.a.c.c.C.[Tomcat].[localhost].[/]       : Initializing Spring DispatcherServlet 'dispatcherServlet'
2022-05-18 13:59:14.743  INFO 9645 --- [o-auto-1-exec-1] o.s.web.servlet.DispatcherServlet        : Initializing Servlet 'dispatcherServlet'
2022-05-18 13:59:14.744  INFO 9645 --- [o-auto-1-exec-1] o.s.web.servlet.DispatcherServlet        : Completed initialization in 1 ms
Hibernate: select posts0_.id as id1_0_, posts0_.created_date as created_2_0_, posts0_.modified_date as modified3_0_, posts0_.author as author4_0_, posts0_.content as content5_0_, posts0_.title as title6_0_ from posts posts0_ order by posts0_.id DESC
]]></system-out>
  <system-err><![CDATA[]]></system-err>
</testsuite>
