<?xml version="1.0" encoding="UTF-8"?>
<testsuite name="com.springboot.web.domain.posts.PostsRepositoryTest" tests="2" skipped="0" failures="0" errors="0" timestamp="2022-05-18T13:25:42" hostname="gimtaemin-ui-MacBookAir.local" time="0.062">
  <properties/>
  <testcase name="게시글저장_불러오기()" classname="com.springboot.web.domain.posts.PostsRepositoryTest" time="0.035"/>
  <testcase name="BaseTimeEntity_등록()" classname="com.springboot.web.domain.posts.PostsRepositoryTest" time="0.025"/>
  <system-out><![CDATA[2022-05-18 22:25:41.100  INFO 15326 --- [    Test worker] .b.t.c.SpringBootTestContextBootstrapper : Neither @ContextConfiguration nor @ContextHierarchy found for test class [com.springboot.web.domain.posts.PostsRepositoryTest], using SpringBootContextLoader
2022-05-18 22:25:41.101  INFO 15326 --- [    Test worker] o.s.t.c.support.AbstractContextLoader    : Could not detect default resource locations for test class [com.springboot.web.domain.posts.PostsRepositoryTest]: no resource found for suffixes {-context.xml, Context.groovy}.
2022-05-18 22:25:41.101  INFO 15326 --- [    Test worker] t.c.s.AnnotationConfigContextLoaderUtils : Could not detect default configuration classes for test class [com.springboot.web.domain.posts.PostsRepositoryTest]: PostsRepositoryTest does not declare any static, non-private, non-final, nested classes annotated with @Configuration.
2022-05-18 22:25:41.121  INFO 15326 --- [    Test worker] .b.t.c.SpringBootTestContextBootstrapper : Found @SpringBootConfiguration com.springboot.Application for test class com.springboot.web.domain.posts.PostsRepositoryTest
2022-05-18 22:25:41.125  INFO 15326 --- [    Test worker] .b.t.c.SpringBootTestContextBootstrapper : Loaded default TestExecutionListener class names from location [META-INF/spring.factories]: [org.springframework.security.test.context.support.WithSecurityContextTestExecutionListener, org.springframework.security.test.context.support.ReactorContextTestExecutionListener, org.springframework.boot.test.autoconfigure.restdocs.RestDocsTestExecutionListener, org.springframework.boot.test.autoconfigure.web.client.MockRestServiceServerResetTestExecutionListener, org.springframework.boot.test.autoconfigure.web.servlet.MockMvcPrintOnlyOnFailureTestExecutionListener, org.springframework.boot.test.autoconfigure.web.servlet.WebDriverTestExecutionListener, org.springframework.boot.test.autoconfigure.webservices.client.MockWebServiceServerTestExecutionListener, org.springframework.boot.test.mock.mockito.MockitoTestExecutionListener, org.springframework.boot.test.mock.mockito.ResetMocksTestExecutionListener, org.springframework.test.context.web.ServletTestExecutionListener, org.springframework.test.context.support.DirtiesContextBeforeModesTestExecutionListener, org.springframework.test.context.support.DependencyInjectionTestExecutionListener, org.springframework.test.context.support.DirtiesContextTestExecutionListener, org.springframework.test.context.transaction.TransactionalTestExecutionListener, org.springframework.test.context.jdbc.SqlScriptsTestExecutionListener, org.springframework.test.context.event.EventPublishingTestExecutionListener]
2022-05-18 22:25:41.126  INFO 15326 --- [    Test worker] .b.t.c.SpringBootTestContextBootstrapper : Using TestExecutionListeners: [org.springframework.test.context.web.ServletTestExecutionListener@4545ac62, org.springframework.test.context.support.DirtiesContextBeforeModesTestExecutionListener@13e76a91, org.springframework.boot.test.mock.mockito.MockitoTestExecutionListener@69c03fa2, org.springframework.boot.test.autoconfigure.SpringBootDependencyInjectionTestExecutionListener@37c5a3c7, org.springframework.test.context.support.DirtiesContextTestExecutionListener@5f0b2fe1, org.springframework.test.context.transaction.TransactionalTestExecutionListener@77107573, org.springframework.test.context.jdbc.SqlScriptsTestExecutionListener@1fc5791c, org.springframework.security.test.context.support.WithSecurityContextTestExecutionListener@5843ab8, org.springframework.test.context.event.EventPublishingTestExecutionListener@3f679ce, org.springframework.security.test.context.support.ReactorContextTestExecutionListener@77393f2e, org.springframework.boot.test.autoconfigure.restdocs.RestDocsTestExecutionListener@4300b54c, org.springframework.boot.test.autoconfigure.web.client.MockRestServiceServerResetTestExecutionListener@67f5066e, org.springframework.boot.test.autoconfigure.web.servlet.MockMvcPrintOnlyOnFailureTestExecutionListener@57fd3b57, org.springframework.boot.test.autoconfigure.web.servlet.WebDriverTestExecutionListener@6903bec9, org.springframework.boot.test.autoconfigure.webservices.client.MockWebServiceServerTestExecutionListener@2f6fcc70, org.springframework.boot.test.mock.mockito.ResetMocksTestExecutionListener@60666985]

  .   ____          _            __ _ _
 /\\ / ___'_ __ _ _(_)_ __  __ _ \ \ \ \
( ( )\___ | '_ | '_| | '_ \/ _` | \ \ \ \
 \\/  ___)| |_)| | | | | || (_| |  ) ) ) )
  '  |____| .__|_| |_|_| |_\__, | / / / /
 =========|_|==============|___/=/_/_/_/
 :: Spring Boot ::                (v2.4.1)

2022-05-18 22:25:41.166  INFO 15326 --- [    Test worker] c.s.w.domain.posts.PostsRepositoryTest   : Starting PostsRepositoryTest using Java 11.0.10 on gimtaemin-ui-MacBookAir.local with PID 15326 (started by gimtaemin in /Users/gimtaemin/springboot)
2022-05-18 22:25:41.167  INFO 15326 --- [    Test worker] c.s.w.domain.posts.PostsRepositoryTest   : No active profile set, falling back to default profiles: default
2022-05-18 22:25:41.483  INFO 15326 --- [    Test worker] .s.d.r.c.RepositoryConfigurationDelegate : Bootstrapping Spring Data JPA repositories in DEFAULT mode.
2022-05-18 22:25:41.499  INFO 15326 --- [    Test worker] .s.d.r.c.RepositoryConfigurationDelegate : Finished Spring Data repository scanning in 15 ms. Found 2 JPA repository interfaces.
2022-05-18 22:25:41.738  INFO 15326 --- [    Test worker] com.zaxxer.hikari.HikariDataSource       : HikariPool-2 - Starting...
2022-05-18 22:25:41.741  INFO 15326 --- [    Test worker] com.zaxxer.hikari.HikariDataSource       : HikariPool-2 - Start completed.
2022-05-18 22:25:41.757  INFO 15326 --- [    Test worker] o.hibernate.jpa.internal.util.LogHelper  : HHH000204: Processing PersistenceUnitInfo [name: default]
2022-05-18 22:25:41.766  INFO 15326 --- [    Test worker] org.hibernate.dialect.Dialect            : HHH000400: Using dialect: org.hibernate.dialect.MySQL57Dialect
Hibernate: drop table if exists posts
Hibernate: drop table if exists user
Hibernate: create table posts (id bigint not null auto_increment, created_date datetime(6), modified_date datetime(6), author varchar(255), content TEXT not null, title varchar(500) not null, primary key (id)) engine=InnoDB
Hibernate: create table user (id bigint not null auto_increment, created_date datetime(6), modified_date datetime(6), email varchar(255) not null, name varchar(255) not null, picture varchar(255), role varchar(255) not null, primary key (id)) engine=InnoDB
2022-05-18 22:25:41.869  INFO 15326 --- [    Test worker] o.h.e.t.j.p.i.JtaPlatformInitiator       : HHH000490: Using JtaPlatform implementation: [org.hibernate.engine.transaction.jta.platform.internal.NoJtaPlatform]
2022-05-18 22:25:41.870  INFO 15326 --- [    Test worker] j.LocalContainerEntityManagerFactoryBean : Initialized JPA EntityManagerFactory for persistence unit 'default'
2022-05-18 22:25:42.025  WARN 15326 --- [    Test worker] JpaBaseConfiguration$JpaWebConfiguration : spring.jpa.open-in-view is enabled by default. Therefore, database queries may be performed during view rendering. Explicitly configure spring.jpa.open-in-view to disable this warning
2022-05-18 22:25:42.215  INFO 15326 --- [    Test worker] o.s.s.web.DefaultSecurityFilterChain     : Will secure any request with [org.springframework.security.web.context.request.async.WebAsyncManagerIntegrationFilter@561f982f, org.springframework.security.web.context.SecurityContextPersistenceFilter@38e1442a, org.springframework.security.web.header.HeaderWriterFilter@274de4bc, org.springframework.security.web.authentication.logout.LogoutFilter@14404be2, org.springframework.security.oauth2.client.web.OAuth2AuthorizationRequestRedirectFilter@601c953c, org.springframework.security.oauth2.client.web.OAuth2LoginAuthenticationFilter@5ca67657, org.springframework.security.web.authentication.ui.DefaultLoginPageGeneratingFilter@1743c249, org.springframework.security.web.authentication.ui.DefaultLogoutPageGeneratingFilter@3ed79f41, org.springframework.security.web.savedrequest.RequestCacheAwareFilter@451e8bd0, org.springframework.security.web.servletapi.SecurityContextHolderAwareRequestFilter@d3effcb, org.springframework.security.web.authentication.AnonymousAuthenticationFilter@3ae648d2, org.springframework.security.web.session.SessionManagementFilter@7bbc3b6e, org.springframework.security.web.access.ExceptionTranslationFilter@4057babc, org.springframework.security.web.access.intercept.FilterSecurityInterceptor@29483d10]
2022-05-18 22:25:42.401  INFO 15326 --- [    Test worker] o.s.s.concurrent.ThreadPoolTaskExecutor  : Initializing ExecutorService 'applicationTaskExecutor'
2022-05-18 22:25:42.418  INFO 15326 --- [    Test worker] o.s.b.a.h2.H2ConsoleAutoConfiguration    : H2 console available at '/h2-console'. Database available at 'jdbc:h2:mem:testdb'
2022-05-18 22:25:42.442  INFO 15326 --- [    Test worker] o.s.b.a.w.s.WelcomePageHandlerMapping    : Adding welcome page template: index
2022-05-18 22:25:42.736  INFO 15326 --- [    Test worker] s.a.ScheduledAnnotationBeanPostProcessor : No TaskScheduler/ScheduledExecutorService bean found for scheduled processing
2022-05-18 22:25:42.739  INFO 15326 --- [    Test worker] c.s.w.domain.posts.PostsRepositoryTest   : Started PostsRepositoryTest in 1.608 seconds (JVM running for 13.613)
Hibernate: insert into posts (created_date, modified_date, author, content, title) values (?, ?, ?, ?, ?)
Hibernate: select posts0_.id as id1_0_, posts0_.created_date as created_2_0_, posts0_.modified_date as modified3_0_, posts0_.author as author4_0_, posts0_.content as content5_0_, posts0_.title as title6_0_ from posts posts0_
Hibernate: select posts0_.id as id1_0_, posts0_.created_date as created_2_0_, posts0_.modified_date as modified3_0_, posts0_.author as author4_0_, posts0_.content as content5_0_, posts0_.title as title6_0_ from posts posts0_
Hibernate: delete from posts where id=?
Hibernate: insert into posts (created_date, modified_date, author, content, title) values (?, ?, ?, ?, ?)
Hibernate: select posts0_.id as id1_0_, posts0_.created_date as created_2_0_, posts0_.modified_date as modified3_0_, posts0_.author as author4_0_, posts0_.content as content5_0_, posts0_.title as title6_0_ from posts posts0_
>>>>>>> createDate=2022-05-18T22:25:42.785496, modifiedDate=2022-05-18T22:25:42.785496
Hibernate: select posts0_.id as id1_0_, posts0_.created_date as created_2_0_, posts0_.modified_date as modified3_0_, posts0_.author as author4_0_, posts0_.content as content5_0_, posts0_.title as title6_0_ from posts posts0_
Hibernate: delete from posts where id=?
]]></system-out>
  <system-err><![CDATA[]]></system-err>
</testsuite>
