<?xml version="1.0" encoding="UTF-8"?>
<testsuite name="com.springboot.web.IndexControllerTest" tests="1" skipped="0" failures="0" errors="0" timestamp="2022-05-18T13:25:40" hostname="gimtaemin-ui-MacBookAir.local" time="0.342">
  <properties/>
  <testcase name="메인페이지_로딩()" classname="com.springboot.web.IndexControllerTest" time="0.342"/>
  <system-out><![CDATA[2022-05-18 22:25:35.138  INFO 15326 --- [    Test worker] .b.t.c.SpringBootTestContextBootstrapper : Neither @ContextConfiguration nor @ContextHierarchy found for test class [com.springboot.web.IndexControllerTest], using SpringBootContextLoader
2022-05-18 22:25:35.143  INFO 15326 --- [    Test worker] o.s.t.c.support.AbstractContextLoader    : Could not detect default resource locations for test class [com.springboot.web.IndexControllerTest]: no resource found for suffixes {-context.xml, Context.groovy}.
2022-05-18 22:25:35.143  INFO 15326 --- [    Test worker] t.c.s.AnnotationConfigContextLoaderUtils : Could not detect default configuration classes for test class [com.springboot.web.IndexControllerTest]: IndexControllerTest does not declare any static, non-private, non-final, nested classes annotated with @Configuration.
2022-05-18 22:25:35.151  INFO 15326 --- [    Test worker] .b.t.c.SpringBootTestContextBootstrapper : Found @SpringBootConfiguration com.springboot.Application for test class com.springboot.web.IndexControllerTest
2022-05-18 22:25:35.168  INFO 15326 --- [    Test worker] .b.t.c.SpringBootTestContextBootstrapper : Loaded default TestExecutionListener class names from location [META-INF/spring.factories]: [org.springframework.security.test.context.support.WithSecurityContextTestExecutionListener, org.springframework.security.test.context.support.ReactorContextTestExecutionListener, org.springframework.boot.test.autoconfigure.restdocs.RestDocsTestExecutionListener, org.springframework.boot.test.autoconfigure.web.client.MockRestServiceServerResetTestExecutionListener, org.springframework.boot.test.autoconfigure.web.servlet.MockMvcPrintOnlyOnFailureTestExecutionListener, org.springframework.boot.test.autoconfigure.web.servlet.WebDriverTestExecutionListener, org.springframework.boot.test.autoconfigure.webservices.client.MockWebServiceServerTestExecutionListener, org.springframework.boot.test.mock.mockito.MockitoTestExecutionListener, org.springframework.boot.test.mock.mockito.ResetMocksTestExecutionListener, org.springframework.test.context.web.ServletTestExecutionListener, org.springframework.test.context.support.DirtiesContextBeforeModesTestExecutionListener, org.springframework.test.context.support.DependencyInjectionTestExecutionListener, org.springframework.test.context.support.DirtiesContextTestExecutionListener, org.springframework.test.context.transaction.TransactionalTestExecutionListener, org.springframework.test.context.jdbc.SqlScriptsTestExecutionListener, org.springframework.test.context.event.EventPublishingTestExecutionListener]
2022-05-18 22:25:35.169  INFO 15326 --- [    Test worker] .b.t.c.SpringBootTestContextBootstrapper : Using TestExecutionListeners: [org.springframework.test.context.web.ServletTestExecutionListener@37cf91d8, org.springframework.test.context.support.DirtiesContextBeforeModesTestExecutionListener@571d0925, org.springframework.boot.test.mock.mockito.MockitoTestExecutionListener@54e0f76f, org.springframework.boot.test.autoconfigure.SpringBootDependencyInjectionTestExecutionListener@3fe8ad3f, org.springframework.test.context.support.DirtiesContextTestExecutionListener@7462ba4b, org.springframework.test.context.transaction.TransactionalTestExecutionListener@4b09d1c3, org.springframework.test.context.jdbc.SqlScriptsTestExecutionListener@18811c42, org.springframework.security.test.context.support.WithSecurityContextTestExecutionListener@627acb38, org.springframework.test.context.event.EventPublishingTestExecutionListener@32b95de, org.springframework.security.test.context.support.ReactorContextTestExecutionListener@629cbb1, org.springframework.boot.test.autoconfigure.restdocs.RestDocsTestExecutionListener@165aa43a, org.springframework.boot.test.autoconfigure.web.client.MockRestServiceServerResetTestExecutionListener@22cd8ec2, org.springframework.boot.test.autoconfigure.web.servlet.MockMvcPrintOnlyOnFailureTestExecutionListener@7d977a20, org.springframework.boot.test.autoconfigure.web.servlet.WebDriverTestExecutionListener@35ab4260, org.springframework.boot.test.autoconfigure.webservices.client.MockWebServiceServerTestExecutionListener@76134b9b, org.springframework.boot.test.mock.mockito.ResetMocksTestExecutionListener@38667005]

  .   ____          _            __ _ _
 /\\ / ___'_ __ _ _(_)_ __  __ _ \ \ \ \
( ( )\___ | '_ | '_| | '_ \/ _` | \ \ \ \
 \\/  ___)| |_)| | | | | || (_| |  ) ) ) )
  '  |____| .__|_| |_|_| |_\__, | / / / /
 =========|_|==============|___/=/_/_/_/
 :: Spring Boot ::                (v2.4.1)

2022-05-18 22:25:35.291  INFO 15326 --- [    Test worker] com.springboot.web.IndexControllerTest   : Starting IndexControllerTest using Java 11.0.10 on gimtaemin-ui-MacBookAir.local with PID 15326 (started by gimtaemin in /Users/gimtaemin/springboot)
2022-05-18 22:25:35.294  INFO 15326 --- [    Test worker] com.springboot.web.IndexControllerTest   : No active profile set, falling back to default profiles: default
2022-05-18 22:25:35.981  INFO 15326 --- [    Test worker] .s.d.r.c.RepositoryConfigurationDelegate : Bootstrapping Spring Data JPA repositories in DEFAULT mode.
2022-05-18 22:25:36.053  INFO 15326 --- [    Test worker] .s.d.r.c.RepositoryConfigurationDelegate : Finished Spring Data repository scanning in 66 ms. Found 2 JPA repository interfaces.
2022-05-18 22:25:36.791  INFO 15326 --- [    Test worker] o.s.b.w.embedded.tomcat.TomcatWebServer  : Tomcat initialized with port(s): 0 (http)
2022-05-18 22:25:36.805  INFO 15326 --- [    Test worker] o.apache.catalina.core.StandardService   : Starting service [Tomcat]
2022-05-18 22:25:36.806  INFO 15326 --- [    Test worker] org.apache.catalina.core.StandardEngine  : Starting Servlet engine: [Apache Tomcat/9.0.41]
2022-05-18 22:25:36.973  INFO 15326 --- [    Test worker] o.a.c.c.C.[Tomcat].[localhost].[/]       : Initializing Spring embedded WebApplicationContext
2022-05-18 22:25:36.974  INFO 15326 --- [    Test worker] w.s.c.ServletWebServerApplicationContext : Root WebApplicationContext: initialization completed in 1675 ms
2022-05-18 22:25:37.179  INFO 15326 --- [    Test worker] com.zaxxer.hikari.HikariDataSource       : HikariPool-1 - Starting...
2022-05-18 22:25:37.357  INFO 15326 --- [    Test worker] com.zaxxer.hikari.HikariDataSource       : HikariPool-1 - Start completed.
2022-05-18 22:25:37.365  INFO 15326 --- [    Test worker] o.s.b.a.h2.H2ConsoleAutoConfiguration    : H2 console available at '/h2-console'. Database available at 'jdbc:h2:mem:testdb'
2022-05-18 22:25:37.731  INFO 15326 --- [    Test worker] o.hibernate.jpa.internal.util.LogHelper  : HHH000204: Processing PersistenceUnitInfo [name: default]
2022-05-18 22:25:37.831  INFO 15326 --- [    Test worker] org.hibernate.Version                    : HHH000412: Hibernate ORM core version 5.4.25.Final
2022-05-18 22:25:37.886  INFO 15326 --- [    Test worker] o.hibernate.annotations.common.Version   : HCANN000001: Hibernate Commons Annotations {5.1.2.Final}
2022-05-18 22:25:38.004  INFO 15326 --- [    Test worker] org.hibernate.dialect.Dialect            : HHH000400: Using dialect: org.hibernate.dialect.MySQL57Dialect
Hibernate: drop table if exists posts
Hibernate: drop table if exists user
Hibernate: create table posts (id bigint not null auto_increment, created_date datetime(6), modified_date datetime(6), author varchar(255), content TEXT not null, title varchar(500) not null, primary key (id)) engine=InnoDB
Hibernate: create table user (id bigint not null auto_increment, created_date datetime(6), modified_date datetime(6), email varchar(255) not null, name varchar(255) not null, picture varchar(255), role varchar(255) not null, primary key (id)) engine=InnoDB
2022-05-18 22:25:38.575  INFO 15326 --- [    Test worker] o.h.e.t.j.p.i.JtaPlatformInitiator       : HHH000490: Using JtaPlatform implementation: [org.hibernate.engine.transaction.jta.platform.internal.NoJtaPlatform]
2022-05-18 22:25:38.583  INFO 15326 --- [    Test worker] j.LocalContainerEntityManagerFactoryBean : Initialized JPA EntityManagerFactory for persistence unit 'default'
2022-05-18 22:25:39.192  WARN 15326 --- [    Test worker] JpaBaseConfiguration$JpaWebConfiguration : spring.jpa.open-in-view is enabled by default. Therefore, database queries may be performed during view rendering. Explicitly configure spring.jpa.open-in-view to disable this warning
2022-05-18 22:25:39.647  INFO 15326 --- [    Test worker] o.s.s.web.DefaultSecurityFilterChain     : Will secure any request with [org.springframework.security.web.context.request.async.WebAsyncManagerIntegrationFilter@79f6b43a, org.springframework.security.web.context.SecurityContextPersistenceFilter@c52c362, org.springframework.security.web.header.HeaderWriterFilter@220a7f95, org.springframework.security.web.authentication.logout.LogoutFilter@258e5601, org.springframework.security.oauth2.client.web.OAuth2AuthorizationRequestRedirectFilter@198d55de, org.springframework.security.oauth2.client.web.OAuth2LoginAuthenticationFilter@3fe70a2d, org.springframework.security.web.authentication.ui.DefaultLoginPageGeneratingFilter@a49cdd6, org.springframework.security.web.authentication.ui.DefaultLogoutPageGeneratingFilter@7b80ac30, org.springframework.security.web.savedrequest.RequestCacheAwareFilter@7f794b0f, org.springframework.security.web.servletapi.SecurityContextHolderAwareRequestFilter@efe75a2, org.springframework.security.web.authentication.AnonymousAuthenticationFilter@8d0253b, org.springframework.security.web.session.SessionManagementFilter@302692b1, org.springframework.security.web.access.ExceptionTranslationFilter@5cd5e1b6, org.springframework.security.web.access.intercept.FilterSecurityInterceptor@54aacbc7]
2022-05-18 22:25:39.796  INFO 15326 --- [    Test worker] o.s.s.concurrent.ThreadPoolTaskExecutor  : Initializing ExecutorService 'applicationTaskExecutor'
2022-05-18 22:25:39.842  INFO 15326 --- [    Test worker] o.s.b.a.w.s.WelcomePageHandlerMapping    : Adding welcome page template: index
2022-05-18 22:25:40.164  INFO 15326 --- [    Test worker] o.s.b.w.embedded.tomcat.TomcatWebServer  : Tomcat started on port(s): 50660 (http) with context path ''
2022-05-18 22:25:40.187  INFO 15326 --- [    Test worker] s.a.ScheduledAnnotationBeanPostProcessor : No TaskScheduler/ScheduledExecutorService bean found for scheduled processing
2022-05-18 22:25:40.196  INFO 15326 --- [    Test worker] com.springboot.web.IndexControllerTest   : Started IndexControllerTest in 5.022 seconds (JVM running for 11.07)
2022-05-18 22:25:40.319  INFO 15326 --- [o-auto-1-exec-1] o.a.c.c.C.[Tomcat].[localhost].[/]       : Initializing Spring DispatcherServlet 'dispatcherServlet'
2022-05-18 22:25:40.320  INFO 15326 --- [o-auto-1-exec-1] o.s.web.servlet.DispatcherServlet        : Initializing Servlet 'dispatcherServlet'
2022-05-18 22:25:40.321  INFO 15326 --- [o-auto-1-exec-1] o.s.web.servlet.DispatcherServlet        : Completed initialization in 1 ms
Hibernate: select posts0_.id as id1_0_, posts0_.created_date as created_2_0_, posts0_.modified_date as modified3_0_, posts0_.author as author4_0_, posts0_.content as content5_0_, posts0_.title as title6_0_ from posts posts0_ order by posts0_.id DESC
]]></system-out>
  <system-err><![CDATA[]]></system-err>
</testsuite>
